[2019-07-11 04:34:34] slim-app.INFO: tweet-away '/' route [] {"uid":"4168f53"}
[2019-07-18 09:05:43] slim-app.INFO: tweet-away '/' route [] {"uid":"558290b"}
[2019-07-18 09:06:30] slim-app.INFO: tweet-away '/' route [] {"uid":"825e702"}
[2019-07-18 09:09:35] slim-app.INFO: tweet-away '/' route [] {"uid":"0d907ff"}
[2019-07-31 02:26:06] slim-app.INFO: tweet-away '/' route [] {"uid":"e999611"}
[2019-07-31 08:28:20] slim-app.INFO: tweet-away '/' route [] {"uid":"cb6a124"}
[2019-07-31 08:34:51] slim-app.INFO: tweet-away '/' route [] {"uid":"06d87e8"}
[2019-07-31 08:36:53] slim-app.INFO: tweet-away '/' route [] {"uid":"8fcb9de"}
[2019-07-31 08:36:57] slim-app.INFO: tweet-away '/' route [] {"uid":"647f550"}
[2019-07-31 08:36:58] slim-app.INFO: tweet-away '/' route [] {"uid":"04ca8e0"}
[2019-07-31 08:36:59] slim-app.INFO: tweet-away '/' route [] {"uid":"318ec32"}
[2019-07-31 08:38:46] slim-app.INFO: tweet-away '/' route [] {"uid":"707137c"}
[2019-07-31 08:38:54] slim-app.INFO: tweet-away '/' route [] {"uid":"905fb5c"}
[2019-07-31 08:43:58] slim-app.INFO: tweet-away '/' route [] {"uid":"fc3e641"}
[2019-07-31 08:45:33] slim-app.INFO: tweet-away '/' route [] {"uid":"16f8ae3"}
[2019-07-31 08:46:38] slim-app.INFO: tweet-away '/' route [] {"uid":"306e549"}
[2019-07-31 08:57:59] slim-app.INFO: tweet-away '/' route [] {"uid":"cf21bbb"}
[2019-07-31 08:59:08] slim-app.INFO: tweet-away '/' route [] {"uid":"259ae4e"}
[2019-07-31 08:59:09] slim-app.INFO: tweet-away '/' route [] {"uid":"24080d0"}
[2019-07-31 08:59:16] slim-app.INFO: tweet-away '/' route [] {"uid":"b4267f9"}
[2019-07-31 09:18:59] slim-app.INFO: tweet-away '/' route [] {"uid":"17bb5fe"}
[2019-07-31 09:29:44] slim-app.INFO: tweet-away '/' route [] {"uid":"e3bb727"}
[2019-07-31 09:31:04] slim-app.INFO: tweet-away '/' route [] {"uid":"a01291f"}
[2019-07-31 09:33:42] slim-app.INFO: tweet-away '/' route [] {"uid":"9f09897"}
[2019-07-31 09:33:48] slim-app.INFO: tweet-away '/' route [] {"uid":"8801410"}
[2019-07-31 09:34:02] slim-app.INFO: tweet-away '/' route [] {"uid":"44c238e"}
[2019-07-31 09:35:13] slim-app.INFO: tweet-away '/' route [] {"uid":"e27f25b"}
[2019-07-31 09:36:53] slim-app.INFO: tweet-away '/' route [] {"uid":"ca53b2c"}
[2019-07-31 10:02:14] slim-app.INFO: tweet-away '/' route [] {"uid":"f227f4d"}
[2019-07-31 10:03:46] slim-app.INFO: tweet-away '/' route [] {"uid":"ffb6e62"}
[2019-07-31 10:55:19] slim-app.INFO: tweet-away '/' route [] {"uid":"65ecd5a"}
[2019-07-31 10:55:38] slim-app.INFO: tweet-away '/' route [] {"uid":"0363325"}
[2019-07-31 10:55:39] slim-app.INFO: tweet-away '/' route [] {"uid":"36aa3f6"}
[2019-07-31 10:55:41] slim-app.INFO: tweet-away '/' route [] {"uid":"757e945"}
[2019-07-31 11:00:16] slim-app.INFO: tweet-away '/' route [] {"uid":"5efe845"}
[2019-07-31 11:53:19] slim-app.INFO: tweet-away '/' route [] {"uid":"cfd5dd8"}
[2019-07-31 23:23:52] slim-app.INFO: tweet-away '/' route [] {"uid":"4e3fc77"}
[2019-07-31 23:24:45] slim-app.INFO: tweet-away '/' route [] {"uid":"2fbf065"}
[2019-07-31 23:24:47] slim-app.INFO: tweet-away '/' route [] {"uid":"635d25a"}
[2019-07-31 23:24:53] slim-app.INFO: tweet-away '/' route [] {"uid":"b0af889"}
[2019-07-31 23:24:59] slim-app.INFO: tweet-away '/' route [] {"uid":"fb2e513"}
[2019-07-31 23:24:59] slim-app.INFO: tweet-away '/' route [] {"uid":"2b0f01a"}
[2019-07-31 23:25:00] slim-app.INFO: tweet-away '/' route [] {"uid":"ec01ff2"}
[2019-07-31 23:25:00] slim-app.INFO: tweet-away '/' route [] {"uid":"bd97616"}
[2019-07-31 23:25:00] slim-app.INFO: tweet-away '/' route [] {"uid":"18ef691"}
[2019-07-31 23:25:38] slim-app.INFO: tweet-away '/' route [] {"uid":"c0bbab7"}
[2019-07-31 23:25:39] slim-app.INFO: tweet-away '/' route [] {"uid":"f262b14"}
[2019-07-31 23:25:40] slim-app.INFO: tweet-away '/' route [] {"uid":"76b313d"}
[2019-07-31 23:25:41] slim-app.INFO: tweet-away '/' route [] {"uid":"066e8d0"}
[2019-07-31 23:25:41] slim-app.INFO: tweet-away '/' route [] {"uid":"79a5072"}
[2019-07-31 23:25:41] slim-app.INFO: tweet-away '/' route [] {"uid":"b6f5a41"}
[2019-07-31 23:25:41] slim-app.INFO: tweet-away '/' route [] {"uid":"a811caf"}
[2019-07-31 23:26:59] slim-app.INFO: tweet-away '/' route [] {"uid":"3fccdd1"}
[2019-07-31 23:27:11] slim-app.INFO: tweet-away '/' route [] {"uid":"f318191"}
[2019-07-31 23:27:29] slim-app.INFO: tweet-away '/' route [] {"uid":"f46ac55"}
[2019-07-31 23:27:42] slim-app.INFO: tweet-away '/' route [] {"uid":"7449672"}
[2019-07-31 23:27:43] slim-app.INFO: tweet-away '/' route [] {"uid":"f8b0ddf"}
[2019-07-31 23:27:43] slim-app.INFO: tweet-away '/' route [] {"uid":"d4dba4f"}
[2019-07-31 23:27:43] slim-app.INFO: tweet-away '/' route [] {"uid":"7ba5bbe"}
[2019-07-31 23:27:43] slim-app.INFO: tweet-away '/' route [] {"uid":"457e96b"}
[2019-07-31 23:27:44] slim-app.INFO: tweet-away '/' route [] {"uid":"cfbee66"}
[2019-07-31 23:27:56] slim-app.INFO: tweet-away '/' route [] {"uid":"b2202e0"}
[2019-07-31 23:27:56] slim-app.INFO: tweet-away '/' route [] {"uid":"bdc5845"}
[2019-07-31 23:27:57] slim-app.INFO: tweet-away '/' route [] {"uid":"e490feb"}
[2019-07-31 23:27:57] slim-app.INFO: tweet-away '/' route [] {"uid":"bbb6bae"}
[2019-07-31 23:27:57] slim-app.INFO: tweet-away '/' route [] {"uid":"fc3d001"}
[2019-07-31 23:28:03] slim-app.INFO: tweet-away '/' route [] {"uid":"225f720"}
[2019-07-31 23:28:04] slim-app.INFO: tweet-away '/' route [] {"uid":"a2d3a5f"}
[2019-07-31 23:28:04] slim-app.INFO: tweet-away '/' route [] {"uid":"fceb503"}
[2019-07-31 23:28:04] slim-app.INFO: tweet-away '/' route [] {"uid":"1b0234d"}
[2019-07-31 23:28:21] slim-app.INFO: tweet-away '/' route [] {"uid":"098bd9b"}
[2019-07-31 23:28:22] slim-app.INFO: tweet-away '/' route [] {"uid":"fb99e64"}
[2019-07-31 23:28:22] slim-app.INFO: tweet-away '/' route [] {"uid":"c7ca40a"}
[2019-07-31 23:28:22] slim-app.INFO: tweet-away '/' route [] {"uid":"6d61aa8"}
[2019-07-31 23:28:22] slim-app.INFO: tweet-away '/' route [] {"uid":"1a92601"}
[2019-07-31 23:28:47] slim-app.INFO: tweet-away '/' route [] {"uid":"1c8898c"}
[2019-07-31 23:29:24] slim-app.INFO: tweet-away '/' route [] {"uid":"6ec8dcd"}
[2019-07-31 23:29:50] slim-app.INFO: tweet-away '/' route [] {"uid":"219d466"}
[2019-07-31 23:30:01] slim-app.INFO: tweet-away '/' route [] {"uid":"ad01e5f"}
[2019-07-31 23:30:22] slim-app.INFO: tweet-away '/' route [] {"uid":"d6c1521"}
[2019-07-31 23:30:30] slim-app.INFO: tweet-away '/' route [] {"uid":"3eca436"}
[2019-07-31 23:30:47] slim-app.INFO: tweet-away '/' route [] {"uid":"9a1ba83"}
[2019-07-31 23:30:55] slim-app.INFO: tweet-away '/' route [] {"uid":"b304eed"}
[2019-07-31 23:31:14] slim-app.INFO: tweet-away '/' route [] {"uid":"dadd41e"}
[2019-07-31 23:31:14] slim-app.INFO: tweet-away '/' route [] {"uid":"1d36451"}
[2019-07-31 23:31:14] slim-app.INFO: tweet-away '/' route [] {"uid":"6a60c75"}
[2019-07-31 23:32:43] slim-app.INFO: tweet-away '/' route [] {"uid":"c49eb3e"}
[2019-07-31 23:32:56] slim-app.INFO: tweet-away '/' route [] {"uid":"d60aea8"}
[2019-07-31 23:32:56] slim-app.INFO: tweet-away '/' route [] {"uid":"c90f1d7"}
[2019-07-31 23:32:56] slim-app.INFO: tweet-away '/' route [] {"uid":"fde5fb2"}
[2019-07-31 23:32:56] slim-app.INFO: tweet-away '/' route [] {"uid":"21dcc1b"}
[2019-07-31 23:33:43] slim-app.INFO: tweet-away '/' route [] {"uid":"5606d02"}
[2019-07-31 23:34:22] slim-app.INFO: tweet-away '/' route [] {"uid":"975650d"}
[2019-07-31 23:34:50] slim-app.INFO: tweet-away '/' route [] {"uid":"0c7e1b3"}
[2019-07-31 23:35:15] slim-app.INFO: tweet-away '/' route [] {"uid":"6a99cdf"}
[2019-07-31 23:38:55] slim-app.INFO: tweet-away '/' route [] {"uid":"25721ca"}
[2019-07-31 23:41:12] slim-app.INFO: tweet-away '/' route [] {"uid":"66f617f"}
[2019-07-31 23:41:17] slim-app.INFO: tweet-away '/' route [] {"uid":"30c0f3d"}
[2019-07-31 23:41:27] slim-app.INFO: tweet-away '/' route [] {"uid":"9484057"}
[2019-07-31 23:52:41] slim-app.INFO: tweet-away '/' route [] {"uid":"01ca7b2"}
[2019-07-31 23:53:04] slim-app.INFO: tweet-away '/' route [] {"uid":"d73487a"}
[2019-07-31 23:53:12] slim-app.INFO: tweet-away '/' route [] {"uid":"111eb48"}
[2019-08-01 00:00:20] slim-app.INFO: tweet-away '/' route [] {"uid":"bd6cd43"}
[2019-08-01 00:19:44] slim-app.INFO: tweet-away '/' route [] {"uid":"33c6123"}
[2019-08-01 01:32:48] slim-app.INFO: tweet-away '/' route [] {"uid":"63b8a71"}
[2019-08-01 01:32:54] slim-app.INFO: tweet-away '/' route [] {"uid":"33ab3ac"}
[2019-08-01 01:33:14] slim-app.INFO: tweet-away '/' route [] {"uid":"ec021e1"}
[2019-08-01 01:33:15] slim-app.INFO: tweet-away '/' route [] {"uid":"2f9c874"}
[2019-08-01 01:33:15] slim-app.INFO: tweet-away '/' route [] {"uid":"cd846bd"}
[2019-08-01 01:33:15] slim-app.INFO: tweet-away '/' route [] {"uid":"35074bf"}
[2019-08-01 01:33:15] slim-app.INFO: tweet-away '/' route [] {"uid":"ec7edad"}
[2019-08-01 01:43:01] slim-app.INFO: tweet-away '/' route [] {"uid":"6dd3c6b"}
[2019-08-01 01:43:15] slim-app.INFO: tweet-away '/' route [] {"uid":"92b8179"}
[2019-08-01 01:51:54] slim-app.INFO: tweet-away '/' route [] {"uid":"50eb51e"}
[2019-08-01 01:51:55] slim-app.INFO: tweet-away '/' route [] {"uid":"ded254d"}
[2019-08-01 01:54:28] slim-app.INFO: tweet-away '/' route [] {"uid":"2aa97b6"}
[2019-08-01 01:54:28] slim-app.INFO: tweet-away '/' route [] {"uid":"240939f"}
[2019-08-01 01:55:12] slim-app.INFO: tweet-away '/' route [] {"uid":"0b86b16"}
[2019-08-01 01:55:12] slim-app.INFO: tweet-away '/' route [] {"uid":"d9dfa26"}
[2019-08-01 01:58:06] slim-app.INFO: tweet-away '/' route [] {"uid":"a00f9ed"}
[2019-08-01 01:58:06] slim-app.INFO: tweet-away '/' route [] {"uid":"dc08c31"}
[2019-08-01 06:14:21] slim-app.INFO: tweet-away '/' route [] {"uid":"0d42ece"}
[2019-08-01 06:14:21] slim-app.INFO: tweet-away '/' route [] {"uid":"8029bfd"}
[2019-08-02 01:52:30] slim-app.INFO: tweet-away '/' route [] {"uid":"77a05aa"}
[2019-08-02 01:52:31] slim-app.INFO: tweet-away '/' route [] {"uid":"ee3745b"}
[2019-08-02 07:33:39] slim-app.INFO: tweet-away '/' route [] {"uid":"78ed168"}
[2019-08-02 07:33:39] slim-app.INFO: tweet-away '/' route [] {"uid":"a251633"}
[2019-08-02 08:19:11] slim-app.INFO: tweet-away '/' route [] {"uid":"b3a5e67"}
[2019-08-02 09:39:37] slim-app.INFO: tweet-away '/' route [] {"uid":"2305781"}
[2019-08-02 09:39:39] slim-app.INFO: tweet-away '/' route [] {"uid":"e1e22cb"}
[2019-08-02 10:08:48] slim-app.INFO: tweet-away '/' route [] {"uid":"ce88d98"}
[2019-08-02 10:08:48] slim-app.INFO: tweet-away '/' route [] {"uid":"03cd54a"}
[2019-08-02 10:24:36] slim-app.INFO: tweet-away '/' route [] {"uid":"2319be1"}
[2019-08-02 10:24:37] slim-app.INFO: tweet-away '/' route [] {"uid":"ee62c7a"}
[2019-08-02 11:06:45] slim-app.INFO: tweet-away '/' route [] {"uid":"11f0885"}
[2019-08-02 11:06:45] slim-app.INFO: tweet-away '/' route [] {"uid":"77fec45"}
[2019-08-02 11:54:14] slim-app.INFO: tweet-away '/' route [] {"uid":"f5f282f"}
[2019-08-02 11:54:15] slim-app.INFO: tweet-away '/' route [] {"uid":"7251fb6"}
[2019-08-02 11:54:44] slim-app.INFO: tweet-away '/' route [] {"uid":"9fb745b"}
[2019-08-02 11:54:44] slim-app.INFO: tweet-away '/' route [] {"uid":"a8fe5ab"}
[2019-08-02 11:58:18] slim-app.INFO: tweet-away '/' route [] {"uid":"a8623d7"}
[2019-08-02 11:58:18] slim-app.INFO: tweet-away '/' route [] {"uid":"8a37b97"}
[2019-08-02 12:13:58] slim-app.INFO: tweet-away '/' route [] {"uid":"a1b032b"}
[2019-08-02 12:47:30] slim-app.INFO: tweet-away '/' route [] {"uid":"ef33862"}
[2019-08-02 12:47:30] slim-app.INFO: tweet-away '/' route [] {"uid":"6bae905"}
[2019-08-03 01:47:50] slim-app.INFO: tweet-away '/' route [] {"uid":"a78e025"}
[2019-08-03 01:47:50] slim-app.INFO: tweet-away '/' route [] {"uid":"198f176"}
[2019-08-03 02:16:41] slim-app.INFO: tweet-away '/' route [] {"uid":"939f00c"}
[2019-08-03 02:16:41] slim-app.INFO: tweet-away '/' route [] {"uid":"df839dd"}
[2019-08-05 03:53:06] slim-app.INFO: tweet-away '/' route [] {"uid":"79a2862"}
[2019-08-05 04:05:53] slim-app.INFO: tweet-away '/' route [] {"uid":"028fc8b"}
[2019-08-05 04:05:53] slim-app.INFO: tweet-away '/' route [] {"uid":"9d658db"}
[2019-08-05 04:10:29] slim-app.INFO: tweet-away '/' route [] {"uid":"9f6223d"}
[2019-08-05 04:10:29] slim-app.INFO: tweet-away '/' route [] {"uid":"a9f36b0"}
[2019-08-05 04:19:25] slim-app.INFO: tweet-away '/' route [] {"uid":"8e4301d"}
[2019-08-05 04:39:50] slim-app.INFO: 1 [] {"uid":"9bb75a3"}
[2019-08-05 04:43:36] slim-app.INFO: 1 [] {"uid":"ef1531a"}
[2019-08-05 04:43:55] slim-app.INFO: 1 [] {"uid":"cc40e9f"}
[2019-08-05 04:47:09] slim-app.INFO: [::1] [] {"uid":"3873d47"}
[2019-08-05 04:47:09] slim-app.INFO: asdf [] {"uid":"3873d47"}
[2019-08-05 04:47:09] slim-app.INFO: asdffsadfd [] {"uid":"3873d47"}
[2019-08-05 04:47:09] slim-app.INFO: 1 [] {"uid":"3873d47"}
[2019-08-05 04:48:16] slim-app.INFO: [::1] [] {"uid":"bf026ea"}
[2019-08-05 04:48:16] slim-app.INFO: testPost [] {"uid":"bf026ea"}
[2019-08-05 04:48:16] slim-app.INFO: I am a test post [] {"uid":"bf026ea"}
[2019-08-05 04:48:16] slim-app.INFO: 1 [] {"uid":"bf026ea"}
[2019-08-05 04:49:43] slim-app.INFO: 0 [] {"uid":"95e900c"}
[2019-08-05 04:49:43] slim-app.INFO: AHHH [] {"uid":"95e900c"}
[2019-08-05 04:49:43] slim-app.INFO: AHHHH [] {"uid":"95e900c"}
[2019-08-05 04:49:43] slim-app.INFO: 1 [] {"uid":"95e900c"}
[2019-08-05 04:53:57] slim-app.INFO: Post IP {"ip":"[::1]"} {"uid":"94db597"}
[2019-08-05 04:53:57] slim-app.INFO: asdf [] {"uid":"94db597"}
[2019-08-05 04:53:57] slim-app.INFO: asdfasfd [] {"uid":"94db597"}
[2019-08-05 04:53:57] slim-app.INFO: 1 [] {"uid":"94db597"}
[2019-08-05 04:54:15] slim-app.INFO: Post IP {"ip":"[::1]"} {"uid":"9e0aa05"}
[2019-08-05 04:54:15] slim-app.INFO: Pooplol [] {"uid":"9e0aa05"}
[2019-08-05 04:54:15] slim-app.INFO: asdfasfd [] {"uid":"9e0aa05"}
[2019-08-05 04:54:15] slim-app.INFO: 1 [] {"uid":"9e0aa05"}
[2019-08-05 07:18:32] slim-app.INFO: Post IP {"IP":"[::1]"} {"uid":"e5f2858"}
[2019-08-05 07:18:32] slim-app.INFO: User {"User":"PostBot"} {"uid":"e5f2858"}
[2019-08-05 07:18:32] slim-app.INFO: Message {"Post":"I HAVE POSTED: BEEPBOOP"} {"uid":"e5f2858"}
[2019-08-05 07:18:32] slim-app.INFO: Posted {"PostedBefore":true} {"uid":"e5f2858"}
